{"level":40,"time":1695584406844,"pid":79004,"hostname":"metasudo.local","service":"app","msg":"No log filters found (network=mainnet)"}
{"level":20,"time":1695584406888,"pid":79004,"hostname":"metasudo.local","service":"app","msg":"Started using config file: ponder.config.ts"}
{"level":30,"time":1695584406890,"pid":79004,"hostname":"metasudo.local","service":"server","msg":"Started listening on port 42069"}
{"level":20,"time":1695584407056,"pid":79004,"hostname":"metasudo.local","service":"codegen","msg":"Wrote new file at generated/index.ts"}
{"level":20,"time":1695584407129,"pid":79004,"hostname":"metasudo.local","service":"codegen","msg":"Wrote new file at generated/index.ts"}
{"level":20,"time":1695584407142,"pid":79004,"hostname":"metasudo.local","service":"codegen","msg":"Wrote new file at generated/schema.graphql"}
{"level":50,"time":1695584407177,"pid":79004,"hostname":"metasudo.local","service":"build","error":{"type":"UserError","message":"Error while building handlers: Build failed with 1 error:\ngenerated/index.ts:384:6: ERROR: The symbol \"IntentifySafeModuleAbi\" has already been declared","stack":"\u001b[31m✘ \u001b[41;31m[\u001b[41;97mERROR\u001b[41;31m]\u001b[0m \u001b[1mThe symbol \"IntentifySafeModuleAbi\" has already been declared\u001b[0m\n\n    generated/index.ts:384:6:\n\u001b[37m      384 │ const \u001b[32mIntentifySafeModuleAbi\u001b[37m = [\n          ╵       \u001b[32m~~~~~~~~~~~~~~~~~~~~~~\u001b[0m\n\n  The symbol \"IntentifySafeModuleAbi\" was originally declared here:\n\n    generated/index.ts:18:6:\n\u001b[37m      18 │ const \u001b[32mIntentifySafeModuleAbi\u001b[37m = [\n         ╵       \u001b[32m~~~~~~~~~~~~~~~~~~~~~~\u001b[0m\n\n","name":"UserError"}}
{"level":30,"time":1695584407204,"pid":79004,"hostname":"metasudo.local","service":"realtime","msg":"Fetched latest block at 4 (network=testnet)"}
{"level":40,"time":1695584407204,"pid":79004,"hostname":"metasudo.local","service":"historical","msg":"Start block is not finalized, skipping historical sync (logFilter=IntentifySafeModule)"}
{"level":30,"time":1695584407205,"pid":79004,"hostname":"metasudo.local","service":"historical","msg":"Completed sync (network=testnet)","network":"testnet"}
{"level":10,"time":1695584407206,"pid":79004,"hostname":"metasudo.local","service":"aggregator","msg":"New historical checkpoint at 1695584407 [Sep 24, 2023] (chainId=31337)"}
{"level":30,"time":1695584407207,"pid":79004,"hostname":"metasudo.local","service":"realtime","msg":"Fetched finalized block at 0 (network=testnet)"}
{"level":30,"time":1695584407212,"pid":79004,"hostname":"metasudo.local","service":"realtime","msg":"Fetched missing blocks [1, 3] (network=testnet)"}
{"level":20,"time":1695584407212,"pid":79004,"hostname":"metasudo.local","service":"realtime","msg":"Started processing new head block 1 (network=testnet)"}
{"level":20,"time":1695584407213,"pid":79004,"hostname":"metasudo.local","service":"realtime","msg":"No logs found in block 1 using bloom filter (network=testnet)"}
{"level":20,"time":1695584407213,"pid":79004,"hostname":"metasudo.local","service":"realtime","msg":"Finished processing new head block 1 (network=testnet)"}
{"level":10,"time":1695584407213,"pid":79004,"hostname":"metasudo.local","service":"aggregator","msg":"New realtime checkpoint at 1695583370 [Sep 24, 2023] (chainId=31337)"}
{"level":20,"time":1695584407213,"pid":79004,"hostname":"metasudo.local","service":"realtime","msg":"Started processing new head block 2 (network=testnet)"}
{"level":20,"time":1695584407213,"pid":79004,"hostname":"metasudo.local","service":"realtime","msg":"No logs found in block 2 using bloom filter (network=testnet)"}
{"level":20,"time":1695584407214,"pid":79004,"hostname":"metasudo.local","service":"realtime","msg":"Finished processing new head block 2 (network=testnet)"}
{"level":10,"time":1695584407214,"pid":79004,"hostname":"metasudo.local","service":"aggregator","msg":"New realtime checkpoint at 1695583371 [Sep 24, 2023] (chainId=31337)"}
{"level":20,"time":1695584407214,"pid":79004,"hostname":"metasudo.local","service":"realtime","msg":"Started processing new head block 3 (network=testnet)"}
{"level":20,"time":1695584407214,"pid":79004,"hostname":"metasudo.local","service":"realtime","msg":"No logs found in block 3 using bloom filter (network=testnet)"}
{"level":20,"time":1695584407214,"pid":79004,"hostname":"metasudo.local","service":"realtime","msg":"Finished processing new head block 3 (network=testnet)"}
{"level":10,"time":1695584407214,"pid":79004,"hostname":"metasudo.local","service":"aggregator","msg":"New realtime checkpoint at 1695583372 [Sep 24, 2023] (chainId=31337)"}
{"level":20,"time":1695584407214,"pid":79004,"hostname":"metasudo.local","service":"realtime","msg":"Started processing new head block 4 (network=testnet)"}
{"level":20,"time":1695584407214,"pid":79004,"hostname":"metasudo.local","service":"realtime","msg":"No logs found in block 4 using bloom filter (network=testnet)"}
{"level":20,"time":1695584407214,"pid":79004,"hostname":"metasudo.local","service":"realtime","msg":"Finished processing new head block 4 (network=testnet)"}
{"level":10,"time":1695584407214,"pid":79004,"hostname":"metasudo.local","service":"aggregator","msg":"New realtime checkpoint at 1695583373 [Sep 24, 2023] (chainId=31337)"}
{"level":30,"time":1695584407366,"pid":79004,"hostname":"metasudo.local","service":"realtime","msg":"Fetched latest block at 9752787 (network=goerli)"}
{"level":30,"time":1695584407367,"pid":79004,"hostname":"metasudo.local","service":"historical","msg":"Started sync with 100% cached (logFilter=IntentifySafeModule network=goerli)","network":"goerli","logFilter":"IntentifySafeModule","totalBlockCount":8518189,"cacheRate":0.999998004270626}
{"level":30,"time":1695584407469,"pid":79004,"hostname":"metasudo.local","service":"realtime","msg":"Fetched finalized block at 9752755 (network=goerli)"}
{"level":10,"time":1695584407475,"pid":79004,"hostname":"metasudo.local","service":"historical","msg":"Completed log sync task [9752739, 9752755] (logFilter=IntentifySafeModule, network=goerli)","network":"goerli","logFilter":"IntentifySafeModule","fromBlock":9752739,"toBlock":9752755}
{"level":10,"time":1695584407776,"pid":79004,"hostname":"metasudo.local","service":"aggregator","msg":"New historical checkpoint at 1695583956 [Sep 24, 2023] (chainId=5)"}
{"level":10,"time":1695584407776,"pid":79004,"hostname":"metasudo.local","service":"aggregator","msg":"New event checkpoint at 1695583956 [Sep 24, 2023]"}
{"level":30,"time":1695584407777,"pid":79004,"hostname":"metasudo.local","service":"historical","msg":"Completed sync in 410ms (network=goerli)","network":"goerli","duration":410}
{"level":20,"time":1695584407777,"pid":79004,"hostname":"metasudo.local","service":"aggregator","msg":"Completed historical sync across all networks"}
{"level":10,"time":1695584407778,"pid":79004,"hostname":"metasudo.local","service":"historical","msg":"Completed block sync task 9752755, cached from 9752739 (logFilter=IntentifySafeModule, network=goerli)","network":"goerli","logFilter":"IntentifySafeModule","blockNumberToCacheFrom":9752739,"blockNumber":9752755,"requiredTransactionCount":0}
{"level":30,"time":1695584408212,"pid":79004,"hostname":"metasudo.local","service":"realtime","msg":"Fetched missing blocks [9752756, 9752786] (network=goerli)"}
{"level":20,"time":1695584408212,"pid":79004,"hostname":"metasudo.local","service":"realtime","msg":"Started processing new head block 9752756 (network=goerli)"}
{"level":20,"time":1695584408212,"pid":79004,"hostname":"metasudo.local","service":"realtime","msg":"No logs found in block 9752756 using bloom filter (network=goerli)"}
{"level":20,"time":1695584408212,"pid":79004,"hostname":"metasudo.local","service":"realtime","msg":"Finished processing new head block 9752756 (network=goerli)"}
{"level":10,"time":1695584408212,"pid":79004,"hostname":"metasudo.local","service":"aggregator","msg":"New realtime checkpoint at 1695583968 [Sep 24, 2023] (chainId=5)"}
{"level":10,"time":1695584408212,"pid":79004,"hostname":"metasudo.local","service":"aggregator","msg":"New event checkpoint at 1695583968 [Sep 24, 2023]"}
{"level":20,"time":1695584408213,"pid":79004,"hostname":"metasudo.local","service":"realtime","msg":"Started processing new head block 9752757 (network=goerli)"}
{"level":20,"time":1695584408213,"pid":79004,"hostname":"metasudo.local","service":"realtime","msg":"No logs found in block 9752757 using bloom filter (network=goerli)"}
{"level":20,"time":1695584408213,"pid":79004,"hostname":"metasudo.local","service":"realtime","msg":"Finished processing new head block 9752757 (network=goerli)"}
{"level":10,"time":1695584408213,"pid":79004,"hostname":"metasudo.local","service":"aggregator","msg":"New realtime checkpoint at 1695583980 [Sep 24, 2023] (chainId=5)"}
{"level":10,"time":1695584408213,"pid":79004,"hostname":"metasudo.local","service":"aggregator","msg":"New event checkpoint at 1695583980 [Sep 24, 2023]"}
{"level":20,"time":1695584408213,"pid":79004,"hostname":"metasudo.local","service":"realtime","msg":"Started processing new head block 9752758 (network=goerli)"}
{"level":20,"time":1695584408213,"pid":79004,"hostname":"metasudo.local","service":"realtime","msg":"No logs found in block 9752758 using bloom filter (network=goerli)"}
{"level":20,"time":1695584408213,"pid":79004,"hostname":"metasudo.local","service":"realtime","msg":"Finished processing new head block 9752758 (network=goerli)"}
{"level":10,"time":1695584408213,"pid":79004,"hostname":"metasudo.local","service":"aggregator","msg":"New realtime checkpoint at 1695583992 [Sep 24, 2023] (chainId=5)"}
{"level":10,"time":1695584408213,"pid":79004,"hostname":"metasudo.local","service":"aggregator","msg":"New event checkpoint at 1695583992 [Sep 24, 2023]"}
{"level":20,"time":1695584408213,"pid":79004,"hostname":"metasudo.local","service":"realtime","msg":"Started processing new head block 9752759 (network=goerli)"}
{"level":20,"time":1695584408213,"pid":79004,"hostname":"metasudo.local","service":"realtime","msg":"No logs found in block 9752759 using bloom filter (network=goerli)"}
{"level":20,"time":1695584408213,"pid":79004,"hostname":"metasudo.local","service":"realtime","msg":"Finished processing new head block 9752759 (network=goerli)"}
{"level":10,"time":1695584408213,"pid":79004,"hostname":"metasudo.local","service":"aggregator","msg":"New realtime checkpoint at 1695584004 [Sep 24, 2023] (chainId=5)"}
{"level":10,"time":1695584408213,"pid":79004,"hostname":"metasudo.local","service":"aggregator","msg":"New event checkpoint at 1695584004 [Sep 24, 2023]"}
{"level":20,"time":1695584408213,"pid":79004,"hostname":"metasudo.local","service":"realtime","msg":"Started processing new head block 9752760 (network=goerli)"}
{"level":20,"time":1695584408213,"pid":79004,"hostname":"metasudo.local","service":"realtime","msg":"No logs found in block 9752760 using bloom filter (network=goerli)"}
{"level":20,"time":1695584408213,"pid":79004,"hostname":"metasudo.local","service":"realtime","msg":"Finished processing new head block 9752760 (network=goerli)"}
{"level":10,"time":1695584408213,"pid":79004,"hostname":"metasudo.local","service":"aggregator","msg":"New realtime checkpoint at 1695584016 [Sep 24, 2023] (chainId=5)"}
{"level":10,"time":1695584408213,"pid":79004,"hostname":"metasudo.local","service":"aggregator","msg":"New event checkpoint at 1695584016 [Sep 24, 2023]"}
{"level":20,"time":1695584408214,"pid":79004,"hostname":"metasudo.local","service":"realtime","msg":"Started processing new head block 9752761 (network=goerli)"}
{"level":20,"time":1695584408217,"pid":79004,"hostname":"metasudo.local","service":"realtime","msg":"No logs found in block 9752761 using bloom filter (network=goerli)"}
{"level":20,"time":1695584408217,"pid":79004,"hostname":"metasudo.local","service":"realtime","msg":"Finished processing new head block 9752761 (network=goerli)"}
{"level":10,"time":1695584408217,"pid":79004,"hostname":"metasudo.local","service":"aggregator","msg":"New realtime checkpoint at 1695584028 [Sep 24, 2023] (chainId=5)"}
{"level":10,"time":1695584408217,"pid":79004,"hostname":"metasudo.local","service":"aggregator","msg":"New event checkpoint at 1695584028 [Sep 24, 2023]"}
{"level":20,"time":1695584408217,"pid":79004,"hostname":"metasudo.local","service":"realtime","msg":"Started processing new head block 9752762 (network=goerli)"}
{"level":20,"time":1695584408217,"pid":79004,"hostname":"metasudo.local","service":"realtime","msg":"No logs found in block 9752762 using bloom filter (network=goerli)"}
{"level":20,"time":1695584408217,"pid":79004,"hostname":"metasudo.local","service":"realtime","msg":"Finished processing new head block 9752762 (network=goerli)"}
{"level":10,"time":1695584408217,"pid":79004,"hostname":"metasudo.local","service":"aggregator","msg":"New realtime checkpoint at 1695584040 [Sep 24, 2023] (chainId=5)"}
{"level":10,"time":1695584408217,"pid":79004,"hostname":"metasudo.local","service":"aggregator","msg":"New event checkpoint at 1695584040 [Sep 24, 2023]"}
{"level":20,"time":1695584408217,"pid":79004,"hostname":"metasudo.local","service":"realtime","msg":"Started processing new head block 9752763 (network=goerli)"}
{"level":20,"time":1695584408217,"pid":79004,"hostname":"metasudo.local","service":"realtime","msg":"No logs found in block 9752763 using bloom filter (network=goerli)"}
{"level":20,"time":1695584408217,"pid":79004,"hostname":"metasudo.local","service":"realtime","msg":"Finished processing new head block 9752763 (network=goerli)"}
{"level":10,"time":1695584408217,"pid":79004,"hostname":"metasudo.local","service":"aggregator","msg":"New realtime checkpoint at 1695584052 [Sep 24, 2023] (chainId=5)"}
{"level":10,"time":1695584408217,"pid":79004,"hostname":"metasudo.local","service":"aggregator","msg":"New event checkpoint at 1695584052 [Sep 24, 2023]"}
{"level":20,"time":1695584408217,"pid":79004,"hostname":"metasudo.local","service":"realtime","msg":"Started processing new head block 9752764 (network=goerli)"}
{"level":20,"time":1695584408217,"pid":79004,"hostname":"metasudo.local","service":"realtime","msg":"No logs found in block 9752764 using bloom filter (network=goerli)"}
{"level":20,"time":1695584408217,"pid":79004,"hostname":"metasudo.local","service":"realtime","msg":"Finished processing new head block 9752764 (network=goerli)"}
{"level":10,"time":1695584408217,"pid":79004,"hostname":"metasudo.local","service":"aggregator","msg":"New realtime checkpoint at 1695584064 [Sep 24, 2023] (chainId=5)"}
{"level":10,"time":1695584408217,"pid":79004,"hostname":"metasudo.local","service":"aggregator","msg":"New event checkpoint at 1695584064 [Sep 24, 2023]"}
{"level":20,"time":1695584408217,"pid":79004,"hostname":"metasudo.local","service":"realtime","msg":"Started processing new head block 9752765 (network=goerli)"}
{"level":20,"time":1695584408218,"pid":79004,"hostname":"metasudo.local","service":"realtime","msg":"No logs found in block 9752765 using bloom filter (network=goerli)"}
{"level":20,"time":1695584408218,"pid":79004,"hostname":"metasudo.local","service":"realtime","msg":"Finished processing new head block 9752765 (network=goerli)"}
{"level":10,"time":1695584408218,"pid":79004,"hostname":"metasudo.local","service":"aggregator","msg":"New realtime checkpoint at 1695584076 [Sep 24, 2023] (chainId=5)"}
{"level":10,"time":1695584408218,"pid":79004,"hostname":"metasudo.local","service":"aggregator","msg":"New event checkpoint at 1695584076 [Sep 24, 2023]"}
{"level":20,"time":1695584408218,"pid":79004,"hostname":"metasudo.local","service":"realtime","msg":"Started processing new head block 9752766 (network=goerli)"}
{"level":20,"time":1695584408218,"pid":79004,"hostname":"metasudo.local","service":"realtime","msg":"No logs found in block 9752766 using bloom filter (network=goerli)"}
{"level":20,"time":1695584408218,"pid":79004,"hostname":"metasudo.local","service":"realtime","msg":"Finished processing new head block 9752766 (network=goerli)"}
{"level":10,"time":1695584408218,"pid":79004,"hostname":"metasudo.local","service":"aggregator","msg":"New realtime checkpoint at 1695584100 [Sep 24, 2023] (chainId=5)"}
{"level":10,"time":1695584408218,"pid":79004,"hostname":"metasudo.local","service":"aggregator","msg":"New event checkpoint at 1695584100 [Sep 24, 2023]"}
{"level":20,"time":1695584408218,"pid":79004,"hostname":"metasudo.local","service":"realtime","msg":"Started processing new head block 9752767 (network=goerli)"}
{"level":20,"time":1695584408218,"pid":79004,"hostname":"metasudo.local","service":"realtime","msg":"No logs found in block 9752767 using bloom filter (network=goerli)"}
{"level":20,"time":1695584408218,"pid":79004,"hostname":"metasudo.local","service":"realtime","msg":"Finished processing new head block 9752767 (network=goerli)"}
{"level":10,"time":1695584408218,"pid":79004,"hostname":"metasudo.local","service":"aggregator","msg":"New realtime checkpoint at 1695584112 [Sep 24, 2023] (chainId=5)"}
{"level":10,"time":1695584408218,"pid":79004,"hostname":"metasudo.local","service":"aggregator","msg":"New event checkpoint at 1695584112 [Sep 24, 2023]"}
{"level":20,"time":1695584408218,"pid":79004,"hostname":"metasudo.local","service":"realtime","msg":"Started processing new head block 9752768 (network=goerli)"}
{"level":20,"time":1695584408218,"pid":79004,"hostname":"metasudo.local","service":"realtime","msg":"No logs found in block 9752768 using bloom filter (network=goerli)"}
{"level":20,"time":1695584408218,"pid":79004,"hostname":"metasudo.local","service":"realtime","msg":"Finished processing new head block 9752768 (network=goerli)"}
{"level":10,"time":1695584408218,"pid":79004,"hostname":"metasudo.local","service":"aggregator","msg":"New realtime checkpoint at 1695584124 [Sep 24, 2023] (chainId=5)"}
{"level":10,"time":1695584408218,"pid":79004,"hostname":"metasudo.local","service":"aggregator","msg":"New event checkpoint at 1695584124 [Sep 24, 2023]"}
{"level":20,"time":1695584408218,"pid":79004,"hostname":"metasudo.local","service":"realtime","msg":"Started processing new head block 9752769 (network=goerli)"}
{"level":20,"time":1695584408218,"pid":79004,"hostname":"metasudo.local","service":"realtime","msg":"No logs found in block 9752769 using bloom filter (network=goerli)"}
{"level":20,"time":1695584408218,"pid":79004,"hostname":"metasudo.local","service":"realtime","msg":"Finished processing new head block 9752769 (network=goerli)"}
{"level":10,"time":1695584408218,"pid":79004,"hostname":"metasudo.local","service":"aggregator","msg":"New realtime checkpoint at 1695584136 [Sep 24, 2023] (chainId=5)"}
{"level":10,"time":1695584408218,"pid":79004,"hostname":"metasudo.local","service":"aggregator","msg":"New event checkpoint at 1695584136 [Sep 24, 2023]"}
{"level":20,"time":1695584408218,"pid":79004,"hostname":"metasudo.local","service":"realtime","msg":"Started processing new head block 9752770 (network=goerli)"}
{"level":20,"time":1695584408218,"pid":79004,"hostname":"metasudo.local","service":"realtime","msg":"No logs found in block 9752770 using bloom filter (network=goerli)"}
{"level":20,"time":1695584408218,"pid":79004,"hostname":"metasudo.local","service":"realtime","msg":"Finished processing new head block 9752770 (network=goerli)"}
{"level":10,"time":1695584408218,"pid":79004,"hostname":"metasudo.local","service":"aggregator","msg":"New realtime checkpoint at 1695584148 [Sep 24, 2023] (chainId=5)"}
{"level":10,"time":1695584408218,"pid":79004,"hostname":"metasudo.local","service":"aggregator","msg":"New event checkpoint at 1695584148 [Sep 24, 2023]"}
{"level":20,"time":1695584408218,"pid":79004,"hostname":"metasudo.local","service":"realtime","msg":"Started processing new head block 9752771 (network=goerli)"}
{"level":20,"time":1695584408219,"pid":79004,"hostname":"metasudo.local","service":"realtime","msg":"No logs found in block 9752771 using bloom filter (network=goerli)"}
{"level":20,"time":1695584408219,"pid":79004,"hostname":"metasudo.local","service":"realtime","msg":"Finished processing new head block 9752771 (network=goerli)"}
{"level":10,"time":1695584408219,"pid":79004,"hostname":"metasudo.local","service":"aggregator","msg":"New realtime checkpoint at 1695584172 [Sep 24, 2023] (chainId=5)"}
{"level":10,"time":1695584408219,"pid":79004,"hostname":"metasudo.local","service":"aggregator","msg":"New event checkpoint at 1695584172 [Sep 24, 2023]"}
{"level":20,"time":1695584408219,"pid":79004,"hostname":"metasudo.local","service":"realtime","msg":"Started processing new head block 9752772 (network=goerli)"}
{"level":20,"time":1695584408219,"pid":79004,"hostname":"metasudo.local","service":"realtime","msg":"No logs found in block 9752772 using bloom filter (network=goerli)"}
{"level":20,"time":1695584408219,"pid":79004,"hostname":"metasudo.local","service":"realtime","msg":"Finished processing new head block 9752772 (network=goerli)"}
{"level":10,"time":1695584408219,"pid":79004,"hostname":"metasudo.local","service":"aggregator","msg":"New realtime checkpoint at 1695584184 [Sep 24, 2023] (chainId=5)"}
{"level":10,"time":1695584408219,"pid":79004,"hostname":"metasudo.local","service":"aggregator","msg":"New event checkpoint at 1695584184 [Sep 24, 2023]"}
{"level":20,"time":1695584408219,"pid":79004,"hostname":"metasudo.local","service":"realtime","msg":"Started processing new head block 9752773 (network=goerli)"}
{"level":20,"time":1695584408219,"pid":79004,"hostname":"metasudo.local","service":"realtime","msg":"No logs found in block 9752773 using bloom filter (network=goerli)"}
{"level":20,"time":1695584408219,"pid":79004,"hostname":"metasudo.local","service":"realtime","msg":"Finished processing new head block 9752773 (network=goerli)"}
{"level":10,"time":1695584408219,"pid":79004,"hostname":"metasudo.local","service":"aggregator","msg":"New realtime checkpoint at 1695584208 [Sep 24, 2023] (chainId=5)"}
{"level":10,"time":1695584408219,"pid":79004,"hostname":"metasudo.local","service":"aggregator","msg":"New event checkpoint at 1695584208 [Sep 24, 2023]"}
{"level":20,"time":1695584408219,"pid":79004,"hostname":"metasudo.local","service":"realtime","msg":"Started processing new head block 9752774 (network=goerli)"}
{"level":20,"time":1695584408219,"pid":79004,"hostname":"metasudo.local","service":"realtime","msg":"No logs found in block 9752774 using bloom filter (network=goerli)"}
{"level":20,"time":1695584408219,"pid":79004,"hostname":"metasudo.local","service":"realtime","msg":"Finished processing new head block 9752774 (network=goerli)"}
{"level":10,"time":1695584408219,"pid":79004,"hostname":"metasudo.local","service":"aggregator","msg":"New realtime checkpoint at 1695584232 [Sep 24, 2023] (chainId=5)"}
{"level":10,"time":1695584408219,"pid":79004,"hostname":"metasudo.local","service":"aggregator","msg":"New event checkpoint at 1695584232 [Sep 24, 2023]"}
{"level":20,"time":1695584408219,"pid":79004,"hostname":"metasudo.local","service":"realtime","msg":"Started processing new head block 9752775 (network=goerli)"}
{"level":20,"time":1695584408219,"pid":79004,"hostname":"metasudo.local","service":"realtime","msg":"No logs found in block 9752775 using bloom filter (network=goerli)"}
{"level":20,"time":1695584408219,"pid":79004,"hostname":"metasudo.local","service":"realtime","msg":"Finished processing new head block 9752775 (network=goerli)"}
{"level":10,"time":1695584408219,"pid":79004,"hostname":"metasudo.local","service":"aggregator","msg":"New realtime checkpoint at 1695584244 [Sep 24, 2023] (chainId=5)"}
{"level":10,"time":1695584408219,"pid":79004,"hostname":"metasudo.local","service":"aggregator","msg":"New event checkpoint at 1695584244 [Sep 24, 2023]"}
{"level":20,"time":1695584408220,"pid":79004,"hostname":"metasudo.local","service":"realtime","msg":"Started processing new head block 9752776 (network=goerli)"}
{"level":20,"time":1695584408220,"pid":79004,"hostname":"metasudo.local","service":"realtime","msg":"No logs found in block 9752776 using bloom filter (network=goerli)"}
{"level":20,"time":1695584408220,"pid":79004,"hostname":"metasudo.local","service":"realtime","msg":"Finished processing new head block 9752776 (network=goerli)"}
{"level":10,"time":1695584408220,"pid":79004,"hostname":"metasudo.local","service":"aggregator","msg":"New realtime checkpoint at 1695584256 [Sep 24, 2023] (chainId=5)"}
{"level":10,"time":1695584408220,"pid":79004,"hostname":"metasudo.local","service":"aggregator","msg":"New event checkpoint at 1695584256 [Sep 24, 2023]"}
{"level":20,"time":1695584408220,"pid":79004,"hostname":"metasudo.local","service":"realtime","msg":"Started processing new head block 9752777 (network=goerli)"}
{"level":20,"time":1695584408220,"pid":79004,"hostname":"metasudo.local","service":"realtime","msg":"No logs found in block 9752777 using bloom filter (network=goerli)"}
{"level":20,"time":1695584408220,"pid":79004,"hostname":"metasudo.local","service":"realtime","msg":"Finished processing new head block 9752777 (network=goerli)"}
{"level":10,"time":1695584408220,"pid":79004,"hostname":"metasudo.local","service":"aggregator","msg":"New realtime checkpoint at 1695584268 [Sep 24, 2023] (chainId=5)"}
{"level":10,"time":1695584408220,"pid":79004,"hostname":"metasudo.local","service":"aggregator","msg":"New event checkpoint at 1695584268 [Sep 24, 2023]"}
{"level":20,"time":1695584408220,"pid":79004,"hostname":"metasudo.local","service":"realtime","msg":"Started processing new head block 9752778 (network=goerli)"}
{"level":20,"time":1695584408220,"pid":79004,"hostname":"metasudo.local","service":"realtime","msg":"No logs found in block 9752778 using bloom filter (network=goerli)"}
{"level":20,"time":1695584408220,"pid":79004,"hostname":"metasudo.local","service":"realtime","msg":"Finished processing new head block 9752778 (network=goerli)"}
{"level":10,"time":1695584408220,"pid":79004,"hostname":"metasudo.local","service":"aggregator","msg":"New realtime checkpoint at 1695584280 [Sep 24, 2023] (chainId=5)"}
{"level":10,"time":1695584408220,"pid":79004,"hostname":"metasudo.local","service":"aggregator","msg":"New event checkpoint at 1695584280 [Sep 24, 2023]"}
{"level":20,"time":1695584408220,"pid":79004,"hostname":"metasudo.local","service":"realtime","msg":"Started processing new head block 9752779 (network=goerli)"}
{"level":20,"time":1695584408220,"pid":79004,"hostname":"metasudo.local","service":"realtime","msg":"No logs found in block 9752779 using bloom filter (network=goerli)"}
{"level":20,"time":1695584408220,"pid":79004,"hostname":"metasudo.local","service":"realtime","msg":"Finished processing new head block 9752779 (network=goerli)"}
{"level":10,"time":1695584408220,"pid":79004,"hostname":"metasudo.local","service":"aggregator","msg":"New realtime checkpoint at 1695584292 [Sep 24, 2023] (chainId=5)"}
{"level":10,"time":1695584408220,"pid":79004,"hostname":"metasudo.local","service":"aggregator","msg":"New event checkpoint at 1695584292 [Sep 24, 2023]"}
{"level":20,"time":1695584408220,"pid":79004,"hostname":"metasudo.local","service":"realtime","msg":"Started processing new head block 9752780 (network=goerli)"}
{"level":20,"time":1695584408220,"pid":79004,"hostname":"metasudo.local","service":"realtime","msg":"No logs found in block 9752780 using bloom filter (network=goerli)"}
{"level":20,"time":1695584408220,"pid":79004,"hostname":"metasudo.local","service":"realtime","msg":"Finished processing new head block 9752780 (network=goerli)"}
{"level":10,"time":1695584408220,"pid":79004,"hostname":"metasudo.local","service":"aggregator","msg":"New realtime checkpoint at 1695584304 [Sep 24, 2023] (chainId=5)"}
{"level":10,"time":1695584408220,"pid":79004,"hostname":"metasudo.local","service":"aggregator","msg":"New event checkpoint at 1695584304 [Sep 24, 2023]"}
{"level":20,"time":1695584408220,"pid":79004,"hostname":"metasudo.local","service":"realtime","msg":"Started processing new head block 9752781 (network=goerli)"}
{"level":20,"time":1695584408220,"pid":79004,"hostname":"metasudo.local","service":"realtime","msg":"No logs found in block 9752781 using bloom filter (network=goerli)"}
{"level":20,"time":1695584408220,"pid":79004,"hostname":"metasudo.local","service":"realtime","msg":"Finished processing new head block 9752781 (network=goerli)"}
{"level":10,"time":1695584408220,"pid":79004,"hostname":"metasudo.local","service":"aggregator","msg":"New realtime checkpoint at 1695584316 [Sep 24, 2023] (chainId=5)"}
{"level":10,"time":1695584408220,"pid":79004,"hostname":"metasudo.local","service":"aggregator","msg":"New event checkpoint at 1695584316 [Sep 24, 2023]"}
{"level":20,"time":1695584408220,"pid":79004,"hostname":"metasudo.local","service":"realtime","msg":"Started processing new head block 9752782 (network=goerli)"}
{"level":20,"time":1695584408221,"pid":79004,"hostname":"metasudo.local","service":"realtime","msg":"No logs found in block 9752782 using bloom filter (network=goerli)"}
{"level":20,"time":1695584408221,"pid":79004,"hostname":"metasudo.local","service":"realtime","msg":"Finished processing new head block 9752782 (network=goerli)"}
{"level":10,"time":1695584408221,"pid":79004,"hostname":"metasudo.local","service":"aggregator","msg":"New realtime checkpoint at 1695584328 [Sep 24, 2023] (chainId=5)"}
{"level":10,"time":1695584408221,"pid":79004,"hostname":"metasudo.local","service":"aggregator","msg":"New event checkpoint at 1695584328 [Sep 24, 2023]"}
{"level":20,"time":1695584408221,"pid":79004,"hostname":"metasudo.local","service":"realtime","msg":"Started processing new head block 9752783 (network=goerli)"}
{"level":20,"time":1695584408221,"pid":79004,"hostname":"metasudo.local","service":"realtime","msg":"No logs found in block 9752783 using bloom filter (network=goerli)"}
{"level":20,"time":1695584408221,"pid":79004,"hostname":"metasudo.local","service":"realtime","msg":"Finished processing new head block 9752783 (network=goerli)"}
{"level":10,"time":1695584408221,"pid":79004,"hostname":"metasudo.local","service":"aggregator","msg":"New realtime checkpoint at 1695584340 [Sep 24, 2023] (chainId=5)"}
{"level":10,"time":1695584408221,"pid":79004,"hostname":"metasudo.local","service":"aggregator","msg":"New event checkpoint at 1695584340 [Sep 24, 2023]"}
{"level":20,"time":1695584408221,"pid":79004,"hostname":"metasudo.local","service":"realtime","msg":"Started processing new head block 9752784 (network=goerli)"}
{"level":20,"time":1695584408221,"pid":79004,"hostname":"metasudo.local","service":"realtime","msg":"No logs found in block 9752784 using bloom filter (network=goerli)"}
{"level":20,"time":1695584408221,"pid":79004,"hostname":"metasudo.local","service":"realtime","msg":"Finished processing new head block 9752784 (network=goerli)"}
{"level":10,"time":1695584408221,"pid":79004,"hostname":"metasudo.local","service":"aggregator","msg":"New realtime checkpoint at 1695584364 [Sep 24, 2023] (chainId=5)"}
{"level":10,"time":1695584408221,"pid":79004,"hostname":"metasudo.local","service":"aggregator","msg":"New event checkpoint at 1695584364 [Sep 24, 2023]"}
{"level":20,"time":1695584408221,"pid":79004,"hostname":"metasudo.local","service":"realtime","msg":"Started processing new head block 9752785 (network=goerli)"}
{"level":20,"time":1695584408221,"pid":79004,"hostname":"metasudo.local","service":"realtime","msg":"No logs found in block 9752785 using bloom filter (network=goerli)"}
{"level":20,"time":1695584408221,"pid":79004,"hostname":"metasudo.local","service":"realtime","msg":"Finished processing new head block 9752785 (network=goerli)"}
{"level":10,"time":1695584408221,"pid":79004,"hostname":"metasudo.local","service":"aggregator","msg":"New realtime checkpoint at 1695584376 [Sep 24, 2023] (chainId=5)"}
{"level":10,"time":1695584408221,"pid":79004,"hostname":"metasudo.local","service":"aggregator","msg":"New event checkpoint at 1695584376 [Sep 24, 2023]"}
{"level":20,"time":1695584408221,"pid":79004,"hostname":"metasudo.local","service":"realtime","msg":"Started processing new head block 9752786 (network=goerli)"}
{"level":20,"time":1695584408221,"pid":79004,"hostname":"metasudo.local","service":"realtime","msg":"No logs found in block 9752786 using bloom filter (network=goerli)"}
{"level":20,"time":1695584408221,"pid":79004,"hostname":"metasudo.local","service":"realtime","msg":"Finished processing new head block 9752786 (network=goerli)"}
{"level":10,"time":1695584408221,"pid":79004,"hostname":"metasudo.local","service":"aggregator","msg":"New realtime checkpoint at 1695584388 [Sep 24, 2023] (chainId=5)"}
{"level":10,"time":1695584408221,"pid":79004,"hostname":"metasudo.local","service":"aggregator","msg":"New event checkpoint at 1695584388 [Sep 24, 2023]"}
{"level":20,"time":1695584408221,"pid":79004,"hostname":"metasudo.local","service":"realtime","msg":"Started processing new head block 9752787 (network=goerli)"}
{"level":20,"time":1695584408221,"pid":79004,"hostname":"metasudo.local","service":"realtime","msg":"No logs found in block 9752787 using bloom filter (network=goerli)"}
{"level":20,"time":1695584408221,"pid":79004,"hostname":"metasudo.local","service":"realtime","msg":"Finished processing new head block 9752787 (network=goerli)"}
{"level":10,"time":1695584408222,"pid":79004,"hostname":"metasudo.local","service":"aggregator","msg":"New realtime checkpoint at 1695584400 [Sep 24, 2023] (chainId=5)"}
{"level":10,"time":1695584408222,"pid":79004,"hostname":"metasudo.local","service":"aggregator","msg":"New event checkpoint at 1695584400 [Sep 24, 2023]"}
{"level":10,"time":1695584408222,"pid":79004,"hostname":"metasudo.local","service":"realtime","msg":"Already processed block at 4 (network=testnet)"}
{"level":10,"time":1695584408675,"pid":79004,"hostname":"metasudo.local","service":"realtime","msg":"Already processed block at 9752787 (network=goerli)"}
{"level":10,"time":1695584409236,"pid":79004,"hostname":"metasudo.local","service":"realtime","msg":"Already processed block at 4 (network=testnet)"}
{"level":10,"time":1695584409864,"pid":79004,"hostname":"metasudo.local","service":"realtime","msg":"Already processed block at 9752787 (network=goerli)"}
{"level":10,"time":1695584410247,"pid":79004,"hostname":"metasudo.local","service":"realtime","msg":"Already processed block at 4 (network=testnet)"}
{"level":10,"time":1695584411043,"pid":79004,"hostname":"metasudo.local","service":"realtime","msg":"Already processed block at 9752787 (network=goerli)"}
{"level":10,"time":1695584411260,"pid":79004,"hostname":"metasudo.local","service":"realtime","msg":"Already processed block at 4 (network=testnet)"}
{"level":10,"time":1695584412276,"pid":79004,"hostname":"metasudo.local","service":"realtime","msg":"Already processed block at 4 (network=testnet)"}
{"level":20,"time":1695584413260,"pid":79004,"hostname":"metasudo.local","service":"realtime","msg":"Started processing new head block 9752788 (network=goerli)"}
{"level":20,"time":1695584413261,"pid":79004,"hostname":"metasudo.local","service":"realtime","msg":"No logs found in block 9752788 using bloom filter (network=goerli)"}
{"level":20,"time":1695584413261,"pid":79004,"hostname":"metasudo.local","service":"realtime","msg":"Finished processing new head block 9752788 (network=goerli)"}
{"level":10,"time":1695584413261,"pid":79004,"hostname":"metasudo.local","service":"aggregator","msg":"New realtime checkpoint at 1695584412 [Sep 24, 2023] (chainId=5)"}
{"level":10,"time":1695584413261,"pid":79004,"hostname":"metasudo.local","service":"aggregator","msg":"New event checkpoint at 1695584407 [Sep 24, 2023]"}
{"level":10,"time":1695584413286,"pid":79004,"hostname":"metasudo.local","service":"realtime","msg":"Already processed block at 4 (network=testnet)"}
{"level":10,"time":1695584414293,"pid":79004,"hostname":"metasudo.local","service":"realtime","msg":"Already processed block at 4 (network=testnet)"}
{"level":10,"time":1695584414469,"pid":79004,"hostname":"metasudo.local","service":"realtime","msg":"Already processed block at 9752788 (network=goerli)"}
{"level":10,"time":1695584415302,"pid":79004,"hostname":"metasudo.local","service":"realtime","msg":"Already processed block at 4 (network=testnet)"}
{"level":10,"time":1695584415705,"pid":79004,"hostname":"metasudo.local","service":"realtime","msg":"Already processed block at 9752788 (network=goerli)"}
{"level":10,"time":1695584416318,"pid":79004,"hostname":"metasudo.local","service":"realtime","msg":"Already processed block at 4 (network=testnet)"}
{"level":10,"time":1695584416948,"pid":79004,"hostname":"metasudo.local","service":"realtime","msg":"Already processed block at 9752788 (network=goerli)"}
{"level":10,"time":1695584417330,"pid":79004,"hostname":"metasudo.local","service":"realtime","msg":"Already processed block at 4 (network=testnet)"}
{"level":10,"time":1695584418170,"pid":79004,"hostname":"metasudo.local","service":"realtime","msg":"Already processed block at 9752788 (network=goerli)"}
{"level":10,"time":1695584418344,"pid":79004,"hostname":"metasudo.local","service":"realtime","msg":"Already processed block at 4 (network=testnet)"}
{"level":10,"time":1695584419355,"pid":79004,"hostname":"metasudo.local","service":"realtime","msg":"Already processed block at 9752788 (network=goerli)"}
{"level":10,"time":1695584419355,"pid":79004,"hostname":"metasudo.local","service":"realtime","msg":"Already processed block at 4 (network=testnet)"}
{"level":10,"time":1695584420366,"pid":79004,"hostname":"metasudo.local","service":"realtime","msg":"Already processed block at 4 (network=testnet)"}
{"level":10,"time":1695584420554,"pid":79004,"hostname":"metasudo.local","service":"realtime","msg":"Already processed block at 9752788 (network=goerli)"}
{"level":10,"time":1695584421382,"pid":79004,"hostname":"metasudo.local","service":"realtime","msg":"Already processed block at 4 (network=testnet)"}
{"level":10,"time":1695584421763,"pid":79004,"hostname":"metasudo.local","service":"realtime","msg":"Already processed block at 9752788 (network=goerli)"}
{"level":10,"time":1695584422393,"pid":79004,"hostname":"metasudo.local","service":"realtime","msg":"Already processed block at 4 (network=testnet)"}
{"level":10,"time":1695584422949,"pid":79004,"hostname":"metasudo.local","service":"realtime","msg":"Already processed block at 9752788 (network=goerli)"}
{"level":10,"time":1695584423409,"pid":79004,"hostname":"metasudo.local","service":"realtime","msg":"Already processed block at 4 (network=testnet)"}
{"level":10,"time":1695584424132,"pid":79004,"hostname":"metasudo.local","service":"realtime","msg":"Already processed block at 9752788 (network=goerli)"}
{"level":10,"time":1695584424415,"pid":79004,"hostname":"metasudo.local","service":"realtime","msg":"Already processed block at 4 (network=testnet)"}
{"level":20,"time":1695584425281,"pid":79004,"hostname":"metasudo.local","service":"realtime","msg":"Started processing new head block 9752789 (network=goerli)"}
{"level":20,"time":1695584425282,"pid":79004,"hostname":"metasudo.local","service":"realtime","msg":"No logs found in block 9752789 using bloom filter (network=goerli)"}
{"level":20,"time":1695584425282,"pid":79004,"hostname":"metasudo.local","service":"realtime","msg":"Finished processing new head block 9752789 (network=goerli)"}
{"level":10,"time":1695584425282,"pid":79004,"hostname":"metasudo.local","service":"aggregator","msg":"New realtime checkpoint at 1695584424 [Sep 24, 2023] (chainId=5)"}
{"level":10,"time":1695584425424,"pid":79004,"hostname":"metasudo.local","service":"realtime","msg":"Already processed block at 4 (network=testnet)"}
{"level":10,"time":1695584426434,"pid":79004,"hostname":"metasudo.local","service":"realtime","msg":"Already processed block at 9752789 (network=goerli)"}
{"level":10,"time":1695584426436,"pid":79004,"hostname":"metasudo.local","service":"realtime","msg":"Already processed block at 4 (network=testnet)"}
{"level":10,"time":1695584427450,"pid":79004,"hostname":"metasudo.local","service":"realtime","msg":"Already processed block at 4 (network=testnet)"}
{"level":10,"time":1695584428464,"pid":79004,"hostname":"metasudo.local","service":"realtime","msg":"Already processed block at 4 (network=testnet)"}
{"level":10,"time":1695584428579,"pid":79004,"hostname":"metasudo.local","service":"realtime","msg":"Already processed block at 9752789 (network=goerli)"}
{"level":10,"time":1695584429474,"pid":79004,"hostname":"metasudo.local","service":"realtime","msg":"Already processed block at 4 (network=testnet)"}
{"level":10,"time":1695584429767,"pid":79004,"hostname":"metasudo.local","service":"realtime","msg":"Already processed block at 9752789 (network=goerli)"}
{"level":10,"time":1695584430484,"pid":79004,"hostname":"metasudo.local","service":"realtime","msg":"Already processed block at 4 (network=testnet)"}
{"level":10,"time":1695584430920,"pid":79004,"hostname":"metasudo.local","service":"realtime","msg":"Already processed block at 9752789 (network=goerli)"}
{"level":10,"time":1695584431494,"pid":79004,"hostname":"metasudo.local","service":"realtime","msg":"Already processed block at 4 (network=testnet)"}
{"level":10,"time":1695584432190,"pid":79004,"hostname":"metasudo.local","service":"realtime","msg":"Already processed block at 9752789 (network=goerli)"}
{"level":10,"time":1695584432509,"pid":79004,"hostname":"metasudo.local","service":"realtime","msg":"Already processed block at 4 (network=testnet)"}
{"level":10,"time":1695584433341,"pid":79004,"hostname":"metasudo.local","service":"realtime","msg":"Already processed block at 9752789 (network=goerli)"}
{"level":10,"time":1695584433523,"pid":79004,"hostname":"metasudo.local","service":"realtime","msg":"Already processed block at 4 (network=testnet)"}
{"level":10,"time":1695584434486,"pid":79004,"hostname":"metasudo.local","service":"realtime","msg":"Already processed block at 9752789 (network=goerli)"}
{"level":10,"time":1695584434538,"pid":79004,"hostname":"metasudo.local","service":"realtime","msg":"Already processed block at 4 (network=testnet)"}
{"level":10,"time":1695584435553,"pid":79004,"hostname":"metasudo.local","service":"realtime","msg":"Already processed block at 4 (network=testnet)"}
{"level":10,"time":1695584435638,"pid":79004,"hostname":"metasudo.local","service":"realtime","msg":"Already processed block at 9752789 (network=goerli)"}
{"level":10,"time":1695584436563,"pid":79004,"hostname":"metasudo.local","service":"realtime","msg":"Already processed block at 4 (network=testnet)"}
{"level":10,"time":1695584436785,"pid":79004,"hostname":"metasudo.local","service":"realtime","msg":"Already processed block at 9752789 (network=goerli)"}
{"level":10,"time":1695584437572,"pid":79004,"hostname":"metasudo.local","service":"realtime","msg":"Already processed block at 4 (network=testnet)"}
{"level":20,"time":1695584437981,"pid":79004,"hostname":"metasudo.local","service":"realtime","msg":"Started processing new head block 9752790 (network=goerli)"}
{"level":20,"time":1695584437981,"pid":79004,"hostname":"metasudo.local","service":"realtime","msg":"No logs found in block 9752790 using bloom filter (network=goerli)"}
{"level":20,"time":1695584437981,"pid":79004,"hostname":"metasudo.local","service":"realtime","msg":"Finished processing new head block 9752790 (network=goerli)"}
{"level":10,"time":1695584437981,"pid":79004,"hostname":"metasudo.local","service":"aggregator","msg":"New realtime checkpoint at 1695584436 [Sep 24, 2023] (chainId=5)"}
{"level":10,"time":1695584438585,"pid":79004,"hostname":"metasudo.local","service":"realtime","msg":"Already processed block at 4 (network=testnet)"}
{"level":10,"time":1695584439222,"pid":79004,"hostname":"metasudo.local","service":"realtime","msg":"Already processed block at 9752790 (network=goerli)"}
{"level":10,"time":1695584439595,"pid":79004,"hostname":"metasudo.local","service":"realtime","msg":"Already processed block at 4 (network=testnet)"}
{"level":10,"time":1695584440427,"pid":79004,"hostname":"metasudo.local","service":"realtime","msg":"Already processed block at 9752790 (network=goerli)"}
{"level":10,"time":1695584440606,"pid":79004,"hostname":"metasudo.local","service":"realtime","msg":"Already processed block at 4 (network=testnet)"}
{"level":10,"time":1695584441613,"pid":79004,"hostname":"metasudo.local","service":"realtime","msg":"Already processed block at 4 (network=testnet)"}
{"level":10,"time":1695584441958,"pid":79004,"hostname":"metasudo.local","service":"realtime","msg":"Already processed block at 9752790 (network=goerli)"}
{"level":10,"time":1695584442621,"pid":79004,"hostname":"metasudo.local","service":"realtime","msg":"Already processed block at 4 (network=testnet)"}
{"level":10,"time":1695584443194,"pid":79004,"hostname":"metasudo.local","service":"realtime","msg":"Already processed block at 9752790 (network=goerli)"}
{"level":10,"time":1695584443630,"pid":79004,"hostname":"metasudo.local","service":"realtime","msg":"Already processed block at 4 (network=testnet)"}
{"level":10,"time":1695584444435,"pid":79004,"hostname":"metasudo.local","service":"realtime","msg":"Already processed block at 9752790 (network=goerli)"}
{"level":10,"time":1695584444638,"pid":79004,"hostname":"metasudo.local","service":"realtime","msg":"Already processed block at 4 (network=testnet)"}
{"level":10,"time":1695584445654,"pid":79004,"hostname":"metasudo.local","service":"realtime","msg":"Already processed block at 4 (network=testnet)"}
{"level":10,"time":1695584445723,"pid":79004,"hostname":"metasudo.local","service":"realtime","msg":"Already processed block at 9752790 (network=goerli)"}
{"level":10,"time":1695584446670,"pid":79004,"hostname":"metasudo.local","service":"realtime","msg":"Already processed block at 4 (network=testnet)"}
{"level":10,"time":1695584446964,"pid":79004,"hostname":"metasudo.local","service":"realtime","msg":"Already processed block at 9752790 (network=goerli)"}
{"level":10,"time":1695584447686,"pid":79004,"hostname":"metasudo.local","service":"realtime","msg":"Already processed block at 4 (network=testnet)"}
{"level":10,"time":1695584448207,"pid":79004,"hostname":"metasudo.local","service":"realtime","msg":"Already processed block at 9752790 (network=goerli)"}
{"level":10,"time":1695584448692,"pid":79004,"hostname":"metasudo.local","service":"realtime","msg":"Already processed block at 4 (network=testnet)"}
{"level":20,"time":1695584449351,"pid":79004,"hostname":"metasudo.local","service":"realtime","msg":"Started processing new head block 9752791 (network=goerli)"}
{"level":20,"time":1695584449352,"pid":79004,"hostname":"metasudo.local","service":"realtime","msg":"No logs found in block 9752791 using bloom filter (network=goerli)"}
{"level":20,"time":1695584449352,"pid":79004,"hostname":"metasudo.local","service":"realtime","msg":"Finished processing new head block 9752791 (network=goerli)"}
{"level":10,"time":1695584449352,"pid":79004,"hostname":"metasudo.local","service":"aggregator","msg":"New realtime checkpoint at 1695584448 [Sep 24, 2023] (chainId=5)"}
{"level":10,"time":1695584449702,"pid":79004,"hostname":"metasudo.local","service":"realtime","msg":"Already processed block at 4 (network=testnet)"}
{"level":10,"time":1695584450494,"pid":79004,"hostname":"metasudo.local","service":"realtime","msg":"Already processed block at 9752791 (network=goerli)"}
{"level":10,"time":1695584450715,"pid":79004,"hostname":"metasudo.local","service":"realtime","msg":"Already processed block at 4 (network=testnet)"}
{"level":10,"time":1695584451604,"pid":79004,"hostname":"metasudo.local","service":"realtime","msg":"Already processed block at 9752791 (network=goerli)"}
{"level":10,"time":1695584451724,"pid":79004,"hostname":"metasudo.local","service":"realtime","msg":"Already processed block at 4 (network=testnet)"}
{"level":10,"time":1695584452717,"pid":79004,"hostname":"metasudo.local","service":"realtime","msg":"Already processed block at 9752791 (network=goerli)"}
{"level":10,"time":1695584452738,"pid":79004,"hostname":"metasudo.local","service":"realtime","msg":"Already processed block at 4 (network=testnet)"}
{"level":10,"time":1695584453748,"pid":79004,"hostname":"metasudo.local","service":"realtime","msg":"Already processed block at 4 (network=testnet)"}
{"level":10,"time":1695584453846,"pid":79004,"hostname":"metasudo.local","service":"realtime","msg":"Already processed block at 9752791 (network=goerli)"}
{"level":10,"time":1695584454760,"pid":79004,"hostname":"metasudo.local","service":"realtime","msg":"Already processed block at 4 (network=testnet)"}
{"level":10,"time":1695584454953,"pid":79004,"hostname":"metasudo.local","service":"realtime","msg":"Already processed block at 9752791 (network=goerli)"}
{"level":10,"time":1695584455772,"pid":79004,"hostname":"metasudo.local","service":"realtime","msg":"Already processed block at 4 (network=testnet)"}
{"level":10,"time":1695584456061,"pid":79004,"hostname":"metasudo.local","service":"realtime","msg":"Already processed block at 9752791 (network=goerli)"}
{"level":10,"time":1695584456787,"pid":79004,"hostname":"metasudo.local","service":"realtime","msg":"Already processed block at 4 (network=testnet)"}
{"level":10,"time":1695584457170,"pid":79004,"hostname":"metasudo.local","service":"realtime","msg":"Already processed block at 9752791 (network=goerli)"}
{"level":10,"time":1695584457799,"pid":79004,"hostname":"metasudo.local","service":"realtime","msg":"Already processed block at 4 (network=testnet)"}
{"level":10,"time":1695584458279,"pid":79004,"hostname":"metasudo.local","service":"realtime","msg":"Already processed block at 9752791 (network=goerli)"}
{"level":10,"time":1695584458810,"pid":79004,"hostname":"metasudo.local","service":"realtime","msg":"Already processed block at 4 (network=testnet)"}
{"level":10,"time":1695584459417,"pid":79004,"hostname":"metasudo.local","service":"realtime","msg":"Already processed block at 9752791 (network=goerli)"}
{"level":10,"time":1695584459825,"pid":79004,"hostname":"metasudo.local","service":"realtime","msg":"Already processed block at 4 (network=testnet)"}
{"level":10,"time":1695584460528,"pid":79004,"hostname":"metasudo.local","service":"realtime","msg":"Already processed block at 9752791 (network=goerli)"}
{"level":10,"time":1695584460840,"pid":79004,"hostname":"metasudo.local","service":"realtime","msg":"Already processed block at 4 (network=testnet)"}
{"level":20,"time":1695584461703,"pid":79004,"hostname":"metasudo.local","service":"realtime","msg":"Started processing new head block 9752792 (network=goerli)"}
{"level":20,"time":1695584461703,"pid":79004,"hostname":"metasudo.local","service":"realtime","msg":"No logs found in block 9752792 using bloom filter (network=goerli)"}
{"level":20,"time":1695584461703,"pid":79004,"hostname":"metasudo.local","service":"realtime","msg":"Finished processing new head block 9752792 (network=goerli)"}
{"level":10,"time":1695584461703,"pid":79004,"hostname":"metasudo.local","service":"aggregator","msg":"New realtime checkpoint at 1695584460 [Sep 24, 2023] (chainId=5)"}
{"level":10,"time":1695584461854,"pid":79004,"hostname":"metasudo.local","service":"realtime","msg":"Already processed block at 4 (network=testnet)"}
{"level":10,"time":1695584462863,"pid":79004,"hostname":"metasudo.local","service":"realtime","msg":"Already processed block at 4 (network=testnet)"}
{"level":10,"time":1695584462868,"pid":79004,"hostname":"metasudo.local","service":"realtime","msg":"Already processed block at 9752792 (network=goerli)"}
{"level":10,"time":1695584463880,"pid":79004,"hostname":"metasudo.local","service":"realtime","msg":"Already processed block at 4 (network=testnet)"}
{"level":10,"time":1695584464049,"pid":79004,"hostname":"metasudo.local","service":"realtime","msg":"Already processed block at 9752792 (network=goerli)"}
{"level":10,"time":1695584464893,"pid":79004,"hostname":"metasudo.local","service":"realtime","msg":"Already processed block at 4 (network=testnet)"}
{"level":10,"time":1695584465256,"pid":79004,"hostname":"metasudo.local","service":"realtime","msg":"Already processed block at 9752792 (network=goerli)"}
{"level":10,"time":1695584465903,"pid":79004,"hostname":"metasudo.local","service":"realtime","msg":"Already processed block at 4 (network=testnet)"}
{"level":10,"time":1695584466431,"pid":79004,"hostname":"metasudo.local","service":"realtime","msg":"Already processed block at 9752792 (network=goerli)"}
{"level":10,"time":1695584466913,"pid":79004,"hostname":"metasudo.local","service":"realtime","msg":"Already processed block at 4 (network=testnet)"}
{"level":10,"time":1695584467605,"pid":79004,"hostname":"metasudo.local","service":"realtime","msg":"Already processed block at 9752792 (network=goerli)"}
{"level":10,"time":1695584467923,"pid":79004,"hostname":"metasudo.local","service":"realtime","msg":"Already processed block at 4 (network=testnet)"}
{"level":10,"time":1695584468767,"pid":79004,"hostname":"metasudo.local","service":"realtime","msg":"Already processed block at 9752792 (network=goerli)"}
{"level":10,"time":1695584468938,"pid":79004,"hostname":"metasudo.local","service":"realtime","msg":"Already processed block at 4 (network=testnet)"}
{"level":10,"time":1695584469926,"pid":79004,"hostname":"metasudo.local","service":"realtime","msg":"Already processed block at 9752792 (network=goerli)"}
{"level":10,"time":1695584469946,"pid":79004,"hostname":"metasudo.local","service":"realtime","msg":"Already processed block at 4 (network=testnet)"}
{"level":10,"time":1695584470957,"pid":79004,"hostname":"metasudo.local","service":"realtime","msg":"Already processed block at 4 (network=testnet)"}
{"level":10,"time":1695584471078,"pid":79004,"hostname":"metasudo.local","service":"realtime","msg":"Already processed block at 9752792 (network=goerli)"}
{"level":10,"time":1695584471971,"pid":79004,"hostname":"metasudo.local","service":"realtime","msg":"Already processed block at 4 (network=testnet)"}
{"level":10,"time":1695584472241,"pid":79004,"hostname":"metasudo.local","service":"realtime","msg":"Already processed block at 9752792 (network=goerli)"}
{"level":10,"time":1695584472980,"pid":79004,"hostname":"metasudo.local","service":"realtime","msg":"Already processed block at 4 (network=testnet)"}
{"level":20,"time":1695584473399,"pid":79004,"hostname":"metasudo.local","service":"realtime","msg":"Started processing new head block 9752793 (network=goerli)"}
{"level":20,"time":1695584473399,"pid":79004,"hostname":"metasudo.local","service":"realtime","msg":"No logs found in block 9752793 using bloom filter (network=goerli)"}
{"level":20,"time":1695584473399,"pid":79004,"hostname":"metasudo.local","service":"realtime","msg":"Finished processing new head block 9752793 (network=goerli)"}
{"level":10,"time":1695584473399,"pid":79004,"hostname":"metasudo.local","service":"aggregator","msg":"New realtime checkpoint at 1695584472 [Sep 24, 2023] (chainId=5)"}
{"level":10,"time":1695584473996,"pid":79004,"hostname":"metasudo.local","service":"realtime","msg":"Already processed block at 4 (network=testnet)"}
{"level":10,"time":1695584474547,"pid":79004,"hostname":"metasudo.local","service":"realtime","msg":"Already processed block at 9752793 (network=goerli)"}
{"level":10,"time":1695584475005,"pid":79004,"hostname":"metasudo.local","service":"realtime","msg":"Already processed block at 4 (network=testnet)"}
{"level":10,"time":1695584475714,"pid":79004,"hostname":"metasudo.local","service":"realtime","msg":"Already processed block at 9752793 (network=goerli)"}
{"level":10,"time":1695584476018,"pid":79004,"hostname":"metasudo.local","service":"realtime","msg":"Already processed block at 4 (network=testnet)"}
{"level":10,"time":1695584476931,"pid":79004,"hostname":"metasudo.local","service":"realtime","msg":"Already processed block at 9752793 (network=goerli)"}
{"level":10,"time":1695584477034,"pid":79004,"hostname":"metasudo.local","service":"realtime","msg":"Already processed block at 4 (network=testnet)"}
{"level":10,"time":1695584478048,"pid":79004,"hostname":"metasudo.local","service":"realtime","msg":"Already processed block at 4 (network=testnet)"}
{"level":10,"time":1695584478077,"pid":79004,"hostname":"metasudo.local","service":"realtime","msg":"Already processed block at 9752793 (network=goerli)"}
{"level":10,"time":1695584479062,"pid":79004,"hostname":"metasudo.local","service":"realtime","msg":"Already processed block at 4 (network=testnet)"}
{"level":10,"time":1695584479226,"pid":79004,"hostname":"metasudo.local","service":"realtime","msg":"Already processed block at 9752793 (network=goerli)"}
{"level":10,"time":1695584480079,"pid":79004,"hostname":"metasudo.local","service":"realtime","msg":"Already processed block at 4 (network=testnet)"}
{"level":10,"time":1695584480378,"pid":79004,"hostname":"metasudo.local","service":"realtime","msg":"Already processed block at 9752793 (network=goerli)"}
{"level":10,"time":1695584481095,"pid":79004,"hostname":"metasudo.local","service":"realtime","msg":"Already processed block at 4 (network=testnet)"}
{"level":10,"time":1695584481524,"pid":79004,"hostname":"metasudo.local","service":"realtime","msg":"Already processed block at 9752793 (network=goerli)"}
{"level":10,"time":1695584482109,"pid":79004,"hostname":"metasudo.local","service":"realtime","msg":"Already processed block at 4 (network=testnet)"}
{"level":10,"time":1695584482664,"pid":79004,"hostname":"metasudo.local","service":"realtime","msg":"Already processed block at 9752793 (network=goerli)"}
{"level":10,"time":1695584483124,"pid":79004,"hostname":"metasudo.local","service":"realtime","msg":"Already processed block at 4 (network=testnet)"}
{"level":10,"time":1695584483813,"pid":79004,"hostname":"metasudo.local","service":"realtime","msg":"Already processed block at 9752793 (network=goerli)"}
{"level":10,"time":1695584484140,"pid":79004,"hostname":"metasudo.local","service":"realtime","msg":"Already processed block at 4 (network=testnet)"}
{"level":20,"time":1695584485021,"pid":79004,"hostname":"metasudo.local","service":"realtime","msg":"Started processing new head block 9752794 (network=goerli)"}
{"level":20,"time":1695584485022,"pid":79004,"hostname":"metasudo.local","service":"realtime","msg":"No logs found in block 9752794 using bloom filter (network=goerli)"}
{"level":20,"time":1695584485022,"pid":79004,"hostname":"metasudo.local","service":"realtime","msg":"Finished processing new head block 9752794 (network=goerli)"}
{"level":10,"time":1695584485022,"pid":79004,"hostname":"metasudo.local","service":"aggregator","msg":"New realtime checkpoint at 1695584484 [Sep 24, 2023] (chainId=5)"}
{"level":10,"time":1695584485154,"pid":79004,"hostname":"metasudo.local","service":"realtime","msg":"Already processed block at 4 (network=testnet)"}
{"level":10,"time":1695584486164,"pid":79004,"hostname":"metasudo.local","service":"realtime","msg":"Already processed block at 4 (network=testnet)"}
{"level":10,"time":1695584486324,"pid":79004,"hostname":"metasudo.local","service":"realtime","msg":"Already processed block at 9752794 (network=goerli)"}
{"level":10,"time":1695584487173,"pid":79004,"hostname":"metasudo.local","service":"realtime","msg":"Already processed block at 4 (network=testnet)"}
{"level":10,"time":1695584487522,"pid":79004,"hostname":"metasudo.local","service":"realtime","msg":"Already processed block at 9752794 (network=goerli)"}
{"level":10,"time":1695584488188,"pid":79004,"hostname":"metasudo.local","service":"realtime","msg":"Already processed block at 4 (network=testnet)"}
{"level":10,"time":1695584488744,"pid":79004,"hostname":"metasudo.local","service":"realtime","msg":"Already processed block at 9752794 (network=goerli)"}
{"level":10,"time":1695584489200,"pid":79004,"hostname":"metasudo.local","service":"realtime","msg":"Already processed block at 4 (network=testnet)"}
{"level":10,"time":1695584489939,"pid":79004,"hostname":"metasudo.local","service":"realtime","msg":"Already processed block at 9752794 (network=goerli)"}
{"level":10,"time":1695584490207,"pid":79004,"hostname":"metasudo.local","service":"realtime","msg":"Already processed block at 4 (network=testnet)"}
{"level":10,"time":1695584491134,"pid":79004,"hostname":"metasudo.local","service":"realtime","msg":"Already processed block at 9752794 (network=goerli)"}
{"level":10,"time":1695584491215,"pid":79004,"hostname":"metasudo.local","service":"realtime","msg":"Already processed block at 4 (network=testnet)"}
{"level":10,"time":1695584492229,"pid":79004,"hostname":"metasudo.local","service":"realtime","msg":"Already processed block at 4 (network=testnet)"}
{"level":10,"time":1695584492331,"pid":79004,"hostname":"metasudo.local","service":"realtime","msg":"Already processed block at 9752794 (network=goerli)"}
{"level":10,"time":1695584493238,"pid":79004,"hostname":"metasudo.local","service":"realtime","msg":"Already processed block at 4 (network=testnet)"}
{"level":10,"time":1695584493565,"pid":79004,"hostname":"metasudo.local","service":"realtime","msg":"Already processed block at 9752794 (network=goerli)"}
{"level":10,"time":1695584494254,"pid":79004,"hostname":"metasudo.local","service":"realtime","msg":"Already processed block at 4 (network=testnet)"}
{"level":10,"time":1695584494771,"pid":79004,"hostname":"metasudo.local","service":"realtime","msg":"Already processed block at 9752794 (network=goerli)"}
{"level":10,"time":1695584495264,"pid":79004,"hostname":"metasudo.local","service":"realtime","msg":"Already processed block at 4 (network=testnet)"}
{"level":10,"time":1695584495963,"pid":79004,"hostname":"metasudo.local","service":"realtime","msg":"Already processed block at 9752794 (network=goerli)"}
{"level":10,"time":1695584496279,"pid":79004,"hostname":"metasudo.local","service":"realtime","msg":"Already processed block at 4 (network=testnet)"}
{"level":20,"time":1695584497119,"pid":79004,"hostname":"metasudo.local","service":"realtime","msg":"Started processing new head block 9752795 (network=goerli)"}
{"level":20,"time":1695584497119,"pid":79004,"hostname":"metasudo.local","service":"realtime","msg":"No logs found in block 9752795 using bloom filter (network=goerli)"}
{"level":20,"time":1695584497119,"pid":79004,"hostname":"metasudo.local","service":"realtime","msg":"Finished processing new head block 9752795 (network=goerli)"}
{"level":10,"time":1695584497120,"pid":79004,"hostname":"metasudo.local","service":"aggregator","msg":"New realtime checkpoint at 1695584496 [Sep 24, 2023] (chainId=5)"}
{"level":10,"time":1695584497288,"pid":79004,"hostname":"metasudo.local","service":"realtime","msg":"Already processed block at 4 (network=testnet)"}
{"level":10,"time":1695584498269,"pid":79004,"hostname":"metasudo.local","service":"realtime","msg":"Already processed block at 9752795 (network=goerli)"}
{"level":10,"time":1695584498295,"pid":79004,"hostname":"metasudo.local","service":"realtime","msg":"Already processed block at 4 (network=testnet)"}
{"level":10,"time":1695584499309,"pid":79004,"hostname":"metasudo.local","service":"realtime","msg":"Already processed block at 4 (network=testnet)"}
{"level":10,"time":1695584499418,"pid":79004,"hostname":"metasudo.local","service":"realtime","msg":"Already processed block at 9752795 (network=goerli)"}
{"level":10,"time":1695584500318,"pid":79004,"hostname":"metasudo.local","service":"realtime","msg":"Already processed block at 4 (network=testnet)"}
{"level":10,"time":1695584500568,"pid":79004,"hostname":"metasudo.local","service":"realtime","msg":"Already processed block at 9752795 (network=goerli)"}
{"level":10,"time":1695584501335,"pid":79004,"hostname":"metasudo.local","service":"realtime","msg":"Already processed block at 4 (network=testnet)"}
{"level":10,"time":1695584501731,"pid":79004,"hostname":"metasudo.local","service":"realtime","msg":"Already processed block at 9752795 (network=goerli)"}
{"level":10,"time":1695584502344,"pid":79004,"hostname":"metasudo.local","service":"realtime","msg":"Already processed block at 4 (network=testnet)"}
{"level":10,"time":1695584503357,"pid":79004,"hostname":"metasudo.local","service":"realtime","msg":"Already processed block at 4 (network=testnet)"}
{"level":10,"time":1695584503883,"pid":79004,"hostname":"metasudo.local","service":"realtime","msg":"Already processed block at 9752795 (network=goerli)"}
{"level":10,"time":1695584504373,"pid":79004,"hostname":"metasudo.local","service":"realtime","msg":"Already processed block at 4 (network=testnet)"}
{"level":10,"time":1695584505049,"pid":79004,"hostname":"metasudo.local","service":"realtime","msg":"Already processed block at 9752795 (network=goerli)"}
{"level":10,"time":1695584505391,"pid":79004,"hostname":"metasudo.local","service":"realtime","msg":"Already processed block at 4 (network=testnet)"}
{"level":10,"time":1695584506201,"pid":79004,"hostname":"metasudo.local","service":"realtime","msg":"Already processed block at 9752795 (network=goerli)"}
{"level":10,"time":1695584506407,"pid":79004,"hostname":"metasudo.local","service":"realtime","msg":"Already processed block at 4 (network=testnet)"}
{"level":10,"time":1695584507352,"pid":79004,"hostname":"metasudo.local","service":"realtime","msg":"Already processed block at 9752795 (network=goerli)"}
{"level":10,"time":1695584507422,"pid":79004,"hostname":"metasudo.local","service":"realtime","msg":"Already processed block at 4 (network=testnet)"}
{"level":10,"time":1695584508438,"pid":79004,"hostname":"metasudo.local","service":"realtime","msg":"Already processed block at 4 (network=testnet)"}
{"level":10,"time":1695584508510,"pid":79004,"hostname":"metasudo.local","service":"realtime","msg":"Already processed block at 9752795 (network=goerli)"}
{"level":10,"time":1695584509447,"pid":79004,"hostname":"metasudo.local","service":"realtime","msg":"Already processed block at 4 (network=testnet)"}
{"level":10,"time":1695584509684,"pid":79004,"hostname":"metasudo.local","service":"realtime","msg":"Already processed block at 9752795 (network=goerli)"}
{"level":10,"time":1695584510461,"pid":79004,"hostname":"metasudo.local","service":"realtime","msg":"Already processed block at 4 (network=testnet)"}
{"level":10,"time":1695584510849,"pid":79004,"hostname":"metasudo.local","service":"realtime","msg":"Already processed block at 9752795 (network=goerli)"}
{"level":10,"time":1695584511477,"pid":79004,"hostname":"metasudo.local","service":"realtime","msg":"Already processed block at 4 (network=testnet)"}
{"level":10,"time":1695584512002,"pid":79004,"hostname":"metasudo.local","service":"realtime","msg":"Already processed block at 9752795 (network=goerli)"}
{"level":10,"time":1695584512486,"pid":79004,"hostname":"metasudo.local","service":"realtime","msg":"Already processed block at 4 (network=testnet)"}
{"level":10,"time":1695584513161,"pid":79004,"hostname":"metasudo.local","service":"realtime","msg":"Already processed block at 9752795 (network=goerli)"}
{"level":10,"time":1695584513494,"pid":79004,"hostname":"metasudo.local","service":"realtime","msg":"Already processed block at 4 (network=testnet)"}
{"level":10,"time":1695584514310,"pid":79004,"hostname":"metasudo.local","service":"realtime","msg":"Already processed block at 9752795 (network=goerli)"}
{"level":10,"time":1695584514506,"pid":79004,"hostname":"metasudo.local","service":"realtime","msg":"Already processed block at 4 (network=testnet)"}
{"level":10,"time":1695584515463,"pid":79004,"hostname":"metasudo.local","service":"realtime","msg":"Already processed block at 9752795 (network=goerli)"}
{"level":10,"time":1695584515520,"pid":79004,"hostname":"metasudo.local","service":"realtime","msg":"Already processed block at 4 (network=testnet)"}
{"level":10,"time":1695584516536,"pid":79004,"hostname":"metasudo.local","service":"realtime","msg":"Already processed block at 4 (network=testnet)"}
{"level":10,"time":1695584516621,"pid":79004,"hostname":"metasudo.local","service":"realtime","msg":"Already processed block at 9752795 (network=goerli)"}
{"level":10,"time":1695584517553,"pid":79004,"hostname":"metasudo.local","service":"realtime","msg":"Already processed block at 4 (network=testnet)"}
{"level":10,"time":1695584517818,"pid":79004,"hostname":"metasudo.local","service":"realtime","msg":"Already processed block at 9752795 (network=goerli)"}
{"level":10,"time":1695584518569,"pid":79004,"hostname":"metasudo.local","service":"realtime","msg":"Already processed block at 4 (network=testnet)"}
{"level":10,"time":1695584519149,"pid":79004,"hostname":"metasudo.local","service":"realtime","msg":"Already processed block at 9752795 (network=goerli)"}
{"level":10,"time":1695584519580,"pid":79004,"hostname":"metasudo.local","service":"realtime","msg":"Already processed block at 4 (network=testnet)"}
{"level":10,"time":1695584520333,"pid":79004,"hostname":"metasudo.local","service":"realtime","msg":"Already processed block at 9752795 (network=goerli)"}
{"level":10,"time":1695584520597,"pid":79004,"hostname":"metasudo.local","service":"realtime","msg":"Already processed block at 4 (network=testnet)"}
{"level":10,"time":1695584521521,"pid":79004,"hostname":"metasudo.local","service":"realtime","msg":"Already processed block at 9752795 (network=goerli)"}
{"level":10,"time":1695584521607,"pid":79004,"hostname":"metasudo.local","service":"realtime","msg":"Already processed block at 4 (network=testnet)"}
{"level":10,"time":1695584522617,"pid":79004,"hostname":"metasudo.local","service":"realtime","msg":"Already processed block at 4 (network=testnet)"}
{"level":10,"time":1695584522721,"pid":79004,"hostname":"metasudo.local","service":"realtime","msg":"Already processed block at 9752795 (network=goerli)"}
{"level":10,"time":1695584523628,"pid":79004,"hostname":"metasudo.local","service":"realtime","msg":"Already processed block at 4 (network=testnet)"}
{"level":10,"time":1695584523915,"pid":79004,"hostname":"metasudo.local","service":"realtime","msg":"Already processed block at 9752795 (network=goerli)"}
{"level":10,"time":1695584524636,"pid":79004,"hostname":"metasudo.local","service":"realtime","msg":"Already processed block at 4 (network=testnet)"}
{"level":10,"time":1695584525113,"pid":79004,"hostname":"metasudo.local","service":"realtime","msg":"Already processed block at 9752795 (network=goerli)"}
{"level":10,"time":1695584525651,"pid":79004,"hostname":"metasudo.local","service":"realtime","msg":"Already processed block at 4 (network=testnet)"}
{"level":10,"time":1695584526300,"pid":79004,"hostname":"metasudo.local","service":"realtime","msg":"Already processed block at 9752795 (network=goerli)"}
{"level":10,"time":1695584526662,"pid":79004,"hostname":"metasudo.local","service":"realtime","msg":"Already processed block at 4 (network=testnet)"}
{"level":10,"time":1695584527488,"pid":79004,"hostname":"metasudo.local","service":"realtime","msg":"Already processed block at 9752795 (network=goerli)"}
{"level":10,"time":1695584527678,"pid":79004,"hostname":"metasudo.local","service":"realtime","msg":"Already processed block at 4 (network=testnet)"}
{"level":10,"time":1695584528645,"pid":79004,"hostname":"metasudo.local","service":"realtime","msg":"Already processed block at 9752795 (network=goerli)"}
{"level":10,"time":1695584528686,"pid":79004,"hostname":"metasudo.local","service":"realtime","msg":"Already processed block at 4 (network=testnet)"}
{"level":10,"time":1695584529699,"pid":79004,"hostname":"metasudo.local","service":"realtime","msg":"Already processed block at 4 (network=testnet)"}
{"level":10,"time":1695584529812,"pid":79004,"hostname":"metasudo.local","service":"realtime","msg":"Already processed block at 9752795 (network=goerli)"}
{"level":10,"time":1695584530712,"pid":79004,"hostname":"metasudo.local","service":"realtime","msg":"Already processed block at 4 (network=testnet)"}
{"level":10,"time":1695584530987,"pid":79004,"hostname":"metasudo.local","service":"realtime","msg":"Already processed block at 9752795 (network=goerli)"}
{"level":10,"time":1695584531728,"pid":79004,"hostname":"metasudo.local","service":"realtime","msg":"Already processed block at 4 (network=testnet)"}
{"level":10,"time":1695584532180,"pid":79004,"hostname":"metasudo.local","service":"realtime","msg":"Already processed block at 9752795 (network=goerli)"}
{"level":10,"time":1695584532736,"pid":79004,"hostname":"metasudo.local","service":"realtime","msg":"Already processed block at 4 (network=testnet)"}
{"level":10,"time":1695584533752,"pid":79004,"hostname":"metasudo.local","service":"realtime","msg":"Already processed block at 4 (network=testnet)"}
{"level":20,"time":1695584534362,"pid":79004,"hostname":"metasudo.local","service":"realtime","msg":"Started processing new head block 9752796 (network=goerli)"}
{"level":20,"time":1695584534363,"pid":79004,"hostname":"metasudo.local","service":"realtime","msg":"No logs found in block 9752796 using bloom filter (network=goerli)"}
{"level":20,"time":1695584534363,"pid":79004,"hostname":"metasudo.local","service":"realtime","msg":"Finished processing new head block 9752796 (network=goerli)"}
{"level":10,"time":1695584534363,"pid":79004,"hostname":"metasudo.local","service":"aggregator","msg":"New realtime checkpoint at 1695584532 [Sep 24, 2023] (chainId=5)"}
{"level":10,"time":1695584534767,"pid":79004,"hostname":"metasudo.local","service":"realtime","msg":"Already processed block at 4 (network=testnet)"}
{"level":10,"time":1695584535543,"pid":79004,"hostname":"metasudo.local","service":"realtime","msg":"Already processed block at 9752796 (network=goerli)"}
{"level":10,"time":1695584535781,"pid":79004,"hostname":"metasudo.local","service":"realtime","msg":"Already processed block at 4 (network=testnet)"}
{"level":10,"time":1695584536712,"pid":79004,"hostname":"metasudo.local","service":"realtime","msg":"Already processed block at 9752796 (network=goerli)"}
{"level":10,"time":1695584536792,"pid":79004,"hostname":"metasudo.local","service":"realtime","msg":"Already processed block at 4 (network=testnet)"}
{"level":10,"time":1695584537800,"pid":79004,"hostname":"metasudo.local","service":"realtime","msg":"Already processed block at 4 (network=testnet)"}
{"level":10,"time":1695584537887,"pid":79004,"hostname":"metasudo.local","service":"realtime","msg":"Already processed block at 9752796 (network=goerli)"}
{"level":10,"time":1695584538811,"pid":79004,"hostname":"metasudo.local","service":"realtime","msg":"Already processed block at 4 (network=testnet)"}
{"level":10,"time":1695584539066,"pid":79004,"hostname":"metasudo.local","service":"realtime","msg":"Already processed block at 9752796 (network=goerli)"}
{"level":10,"time":1695584539826,"pid":79004,"hostname":"metasudo.local","service":"realtime","msg":"Already processed block at 4 (network=testnet)"}
{"level":10,"time":1695584540246,"pid":79004,"hostname":"metasudo.local","service":"realtime","msg":"Already processed block at 9752796 (network=goerli)"}
{"level":10,"time":1695584540838,"pid":79004,"hostname":"metasudo.local","service":"realtime","msg":"Already processed block at 4 (network=testnet)"}
{"level":10,"time":1695584541418,"pid":79004,"hostname":"metasudo.local","service":"realtime","msg":"Already processed block at 9752796 (network=goerli)"}
{"level":10,"time":1695584541848,"pid":79004,"hostname":"metasudo.local","service":"realtime","msg":"Already processed block at 4 (network=testnet)"}
{"level":10,"time":1695584542608,"pid":79004,"hostname":"metasudo.local","service":"realtime","msg":"Already processed block at 9752796 (network=goerli)"}
{"level":10,"time":1695584542856,"pid":79004,"hostname":"metasudo.local","service":"realtime","msg":"Already processed block at 4 (network=testnet)"}
{"level":10,"time":1695584543756,"pid":79004,"hostname":"metasudo.local","service":"realtime","msg":"Already processed block at 9752796 (network=goerli)"}
{"level":10,"time":1695584543864,"pid":79004,"hostname":"metasudo.local","service":"realtime","msg":"Already processed block at 4 (network=testnet)"}
{"level":10,"time":1695584544872,"pid":79004,"hostname":"metasudo.local","service":"realtime","msg":"Already processed block at 4 (network=testnet)"}
{"level":10,"time":1695584544914,"pid":79004,"hostname":"metasudo.local","service":"realtime","msg":"Already processed block at 9752796 (network=goerli)"}
{"level":10,"time":1695584545878,"pid":79004,"hostname":"metasudo.local","service":"realtime","msg":"Already processed block at 4 (network=testnet)"}
{"level":10,"time":1695584546055,"pid":79004,"hostname":"metasudo.local","service":"realtime","msg":"Already processed block at 9752796 (network=goerli)"}
{"level":10,"time":1695584546884,"pid":79004,"hostname":"metasudo.local","service":"realtime","msg":"Already processed block at 4 (network=testnet)"}
{"level":10,"time":1695584547206,"pid":79004,"hostname":"metasudo.local","service":"realtime","msg":"Already processed block at 9752796 (network=goerli)"}
{"level":10,"time":1695584547894,"pid":79004,"hostname":"metasudo.local","service":"realtime","msg":"Already processed block at 4 (network=testnet)"}
{"level":20,"time":1695584548400,"pid":79004,"hostname":"metasudo.local","service":"realtime","msg":"Started processing new head block 9752797 (network=goerli)"}
{"level":20,"time":1695584548401,"pid":79004,"hostname":"metasudo.local","service":"realtime","msg":"No logs found in block 9752797 using bloom filter (network=goerli)"}
{"level":20,"time":1695584548401,"pid":79004,"hostname":"metasudo.local","service":"realtime","msg":"Finished processing new head block 9752797 (network=goerli)"}
{"level":10,"time":1695584548401,"pid":79004,"hostname":"metasudo.local","service":"aggregator","msg":"New realtime checkpoint at 1695584544 [Sep 24, 2023] (chainId=5)"}
{"level":10,"time":1695584548904,"pid":79004,"hostname":"metasudo.local","service":"realtime","msg":"Already processed block at 4 (network=testnet)"}
{"level":10,"time":1695584549584,"pid":79004,"hostname":"metasudo.local","service":"realtime","msg":"Already processed block at 9752797 (network=goerli)"}
{"level":10,"time":1695584549912,"pid":79004,"hostname":"metasudo.local","service":"realtime","msg":"Already processed block at 4 (network=testnet)"}
{"level":10,"time":1695584550920,"pid":79004,"hostname":"metasudo.local","service":"realtime","msg":"Already processed block at 4 (network=testnet)"}
{"level":10,"time":1695584551142,"pid":79004,"hostname":"metasudo.local","service":"realtime","msg":"Already processed block at 9752797 (network=goerli)"}
{"level":10,"time":1695584551931,"pid":79004,"hostname":"metasudo.local","service":"realtime","msg":"Already processed block at 4 (network=testnet)"}
{"level":10,"time":1695584552636,"pid":79004,"hostname":"metasudo.local","service":"realtime","msg":"Already processed block at 9752797 (network=goerli)"}
{"level":10,"time":1695584552939,"pid":79004,"hostname":"metasudo.local","service":"realtime","msg":"Already processed block at 4 (network=testnet)"}
{"level":10,"time":1695584553824,"pid":79004,"hostname":"metasudo.local","service":"realtime","msg":"Already processed block at 9752797 (network=goerli)"}
{"level":10,"time":1695584553945,"pid":79004,"hostname":"metasudo.local","service":"realtime","msg":"Already processed block at 4 (network=testnet)"}
{"level":60,"time":1695584554583,"pid":79004,"hostname":"metasudo.local","service":"build","msg":"Detected change in ponder.config.ts"}
{"level":20,"time":1695584554586,"pid":79004,"hostname":"metasudo.local","service":"realtime","msg":"Killed realtime sync service (network=goerli)"}
{"level":20,"time":1695584554586,"pid":79004,"hostname":"metasudo.local","service":"realtime","msg":"Killed realtime sync service (network=testnet)"}
{"level":20,"time":1695584554587,"pid":79004,"hostname":"metasudo.local","service":"historical","msg":"Killed historical sync service (network=goerli)"}
{"level":20,"time":1695584554587,"pid":79004,"hostname":"metasudo.local","service":"historical","msg":"Killed historical sync service (network=testnet)"}
{"level":20,"time":1695584554587,"pid":79004,"hostname":"metasudo.local","service":"build","msg":"Killed build service"}
{"level":20,"time":1695584554588,"pid":79004,"hostname":"metasudo.local","service":"handlers","msg":"Killed user handler service"}
{"level":20,"time":1695584554589,"pid":79004,"hostname":"metasudo.local","service":"server","msg":"Stopped listening on port 42069"}
{"level":20,"time":1695584554595,"pid":79004,"hostname":"metasudo.local","service":"app","msg":"Finished shutdown sequence"}
